
(unity-panel-service:1538): Indicator-Appmenu-CRITICAL **: window_menu_model_new: assertion 'BAMF_IS_APPLICATION(app)' failed

(unity-panel-service:1538): Indicator-Appmenu-CRITICAL **: track_menus: assertion 'IS_WINDOW_MENU(menus)' failed

(unity-panel-service:1538): Indicator-Appmenu-CRITICAL **: window_menu_model_new: assertion 'BAMF_IS_APPLICATION(app)' failed

(unity-panel-service:1538): Indicator-Appmenu-CRITICAL **: track_menus: assertion 'IS_WINDOW_MENU(menus)' failed

(unity-panel-service:1538): Indicator-Appmenu-CRITICAL **: window_menu_model_new: assertion 'BAMF_IS_APPLICATION(app)' failed

(unity-panel-service:1538): Indicator-Appmenu-CRITICAL **: track_menus: assertion 'IS_WINDOW_MENU(menus)' failed

(unity-panel-service:1538): Gtk-CRITICAL **: gtk_icon_info_get_filename: assertion 'icon_info != NULL' failed

(unity-panel-service:1538): GLib-GObject-CRITICAL **: g_object_unref: assertion 'G_IS_OBJECT (object)' failed

(unity-panel-service:1538): Indicator-Appmenu-CRITICAL **: window_menu_model_new: assertion 'BAMF_IS_APPLICATION(app)' failed

(unity-panel-service:1538): Indicator-Appmenu-CRITICAL **: track_menus: assertion 'IS_WINDOW_MENU(menus)' failed

(unity-panel-service:1538): Indicator-Appmenu-WARNING **: Already have a menu for window ID 58720272 with path /com/canonical/menu/3800010 from :1.89, unregistering that one

(unity-panel-service:1538): Indicator-Appmenu-CRITICAL **: window_menu_model_new: assertion 'BAMF_IS_APPLICATION(app)' failed

(unity-panel-service:1538): Indicator-Appmenu-CRITICAL **: track_menus: assertion 'IS_WINDOW_MENU(menus)' failed

(unity-panel-service:1538): Indicator-Appmenu-CRITICAL **: window_menu_model_new: assertion 'BAMF_IS_APPLICATION(app)' failed

(unity-panel-service:1538): Indicator-Appmenu-CRITICAL **: track_menus: assertion 'IS_WINDOW_MENU(menus)' failed

(unity-panel-service:1538): Gtk-CRITICAL **: gtk_icon_info_get_filename: assertion 'icon_info != NULL' failed

(unity-panel-service:1538): GLib-GObject-CRITICAL **: g_object_unref: assertion 'G_IS_OBJECT (object)' failed

(unity-panel-service:1538): Gtk-CRITICAL **: gtk_icon_info_get_filename: assertion 'icon_info != NULL' failed

(unity-panel-service:1538): GLib-GObject-CRITICAL **: g_object_unref: assertion 'G_IS_OBJECT (object)' failed

(unity-panel-service:1538): Gtk-CRITICAL **: gtk_icon_info_get_filename: assertion 'icon_info != NULL' failed

(unity-panel-service:1538): GLib-GObject-CRITICAL **: g_object_unref: assertion 'G_IS_OBJECT (object)' failed

(unity-panel-service:1538): Gtk-CRITICAL **: gtk_icon_info_get_filename: assertion 'icon_info != NULL' failed

(unity-panel-service:1538): GLib-GObject-CRITICAL **: g_object_unref: assertion 'G_IS_OBJECT (object)' failed

(unity-panel-service:1538): Gtk-CRITICAL **: gtk_icon_info_get_filename: assertion 'icon_info != NULL' failed

(unity-panel-service:1538): GLib-GObject-CRITICAL **: g_object_unref: assertion 'G_IS_OBJECT (object)' failed

(unity-panel-service:1538): Gtk-CRITICAL **: gtk_icon_info_get_filename: assertion 'icon_info != NULL' failed

(unity-panel-service:1538): GLib-GObject-CRITICAL **: g_object_unref: assertion 'G_IS_OBJECT (object)' failed

(unity-panel-service:1538): Gtk-CRITICAL **: gtk_icon_info_get_filename: assertion 'icon_info != NULL' failed

(unity-panel-service:1538): GLib-GObject-CRITICAL **: g_object_unref: assertion 'G_IS_OBJECT (object)' failed

(unity-panel-service:1538): Indicator-Appmenu-CRITICAL **: window_menu_model_new: assertion 'BAMF_IS_APPLICATION(app)' failed

(unity-panel-service:1538): Indicator-Appmenu-CRITICAL **: track_menus: assertion 'IS_WINDOW_MENU(menus)' failed

(unity-panel-service:1538): Gtk-CRITICAL **: gtk_icon_info_get_filename: assertion 'icon_info != NULL' failed

(unity-panel-service:1538): GLib-GObject-CRITICAL **: g_object_unref: assertion 'G_IS_OBJECT (object)' failed

(unity-panel-service:1538): Gtk-CRITICAL **: gtk_icon_info_get_filename: assertion 'icon_info != NULL' failed

(unity-panel-service:1538): GLib-GObject-CRITICAL **: g_object_unref: assertion 'G_IS_OBJECT (object)' failed

(unity-panel-service:1538): Gtk-CRITICAL **: gtk_icon_info_get_filename: assertion 'icon_info != NULL' failed

(unity-panel-service:1538): GLib-GObject-CRITICAL **: g_object_unref: assertion 'G_IS_OBJECT (object)' failed

(unity-panel-service:1538): Indicator-Appmenu-CRITICAL **: window_menu_model_new: assertion 'BAMF_IS_APPLICATION(app)' failed

(unity-panel-service:1538): Indicator-Appmenu-CRITICAL **: track_menus: assertion 'IS_WINDOW_MENU(menus)' failed
